<?xml version="1.0" encoding="utf-8"?><testsuites name="pytest tests"><testsuite name="pytest" errors="0" failures="1" skipped="0" tests="16" time="6.545" timestamp="2026-02-16T14:04:13.565157+00:00" hostname="agent-env-091dea7f-ad94-4f81-9d3a-5fa17665a2a0"><testcase classname="tests.test_postgresql_migration.TestAuthentication" name="test_login_success" time="0.538" /><testcase classname="tests.test_postgresql_migration.TestAuthentication" name="test_login_invalid_credentials" time="0.136" /><testcase classname="tests.test_postgresql_migration.TestDashboard" name="test_dashboard_overview" time="0.479"><failure message="AssertionError: Missing key 'total_revenue' in dashboard response&#10;assert 'total_revenue' in {'crm': {'leads': 1, 'quotations': 0, 'samples': 0}, 'hrms': {'active_employees': 0}, 'inventory': {'low_stock_items': 0}, 'production': {'wastage_percentage': 0, 'wo_completed': 0, 'wo_in_progress': 0}, ...}">tests/test_postgresql_migration.py:84: in test_dashboard_overview
    assert key in data, f"Missing key '{key}' in dashboard response"
E   AssertionError: Missing key 'total_revenue' in dashboard response
E   assert 'total_revenue' in {'crm': {'leads': 1, 'quotations': 0, 'samples': 0}, 'hrms': {'active_employees': 0}, 'inventory': {'low_stock_items': 0}, 'production': {'wastage_percentage': 0, 'wo_completed': 0, 'wo_in_progress': 0}, ...}</failure></testcase><testcase classname="tests.test_postgresql_migration.TestCRMLeadsV1" name="test_get_leads_list" time="0.497" /><testcase classname="tests.test_postgresql_migration.TestCRMLeadsV1" name="test_create_lead" time="0.178" /><testcase classname="tests.test_postgresql_migration.TestCRMLeadsV1" name="test_get_lead_by_id" time="0.303" /><testcase classname="tests.test_postgresql_migration.TestCRMLeadsV1" name="test_update_lead" time="0.249" /><testcase classname="tests.test_postgresql_migration.TestCRMLeadsV1" name="test_delete_lead" time="0.460" /><testcase classname="tests.test_postgresql_migration.TestInventoryItemsV1" name="test_get_items_list" time="0.480" /><testcase classname="tests.test_postgresql_migration.TestInventoryItemsV1" name="test_create_item" time="0.134" /><testcase classname="tests.test_postgresql_migration.TestInventoryItemsV1" name="test_get_item_by_id" time="0.244" /><testcase classname="tests.test_postgresql_migration.TestLegacyCRMRoutes" name="test_legacy_get_leads" time="0.492" /><testcase classname="tests.test_postgresql_migration.TestLegacyCRMRoutes" name="test_legacy_leads_kanban" time="0.136" /><testcase classname="tests.test_postgresql_migration.TestDatabasePersistence" name="test_lead_persistence_create_and_read" time="0.606" /><testcase classname="tests.test_postgresql_migration.TestDatabasePersistence" name="test_lead_update_persistence" time="0.374" /><testcase classname="tests.test_postgresql_migration.TestCleanup" name="test_cleanup_test_leads" time="1.055" /></testsuite></testsuites>